0 info it worked if it ends with ok
1 verbose cli [ 'C:\\Program Files\\nodejs\\node.exe',
1 verbose cli   'C:\\Users\\ADMIN\\AppData\\Roaming\\npm\\node_modules\\npm\\bin\\npm-cli.js',
1 verbose cli   'run',
1 verbose cli   'dev' ]
2 info using npm@3.10.3
3 info using node@v10.16.3
4 verbose run-script [ 'predev', 'dev', 'postdev' ]
5 info lifecycle Server@1.0.0~predev: Server@1.0.0
6 silly lifecycle Server@1.0.0~predev: no script for predev, continuing
7 info lifecycle Server@1.0.0~dev: Server@1.0.0
8 verbose lifecycle Server@1.0.0~dev: unsafe-perm in lifecycle true
9 verbose lifecycle Server@1.0.0~dev: PATH: C:\Users\ADMIN\AppData\Roaming\npm\node_modules\npm\bin\node-gyp-bin;D:\ProjectforWork\ReactJS\GSAPvsReact\Server\node_modules\.bin;C:\Program Files\nodejs;C:\Windows\system32\;C:\Program Files (x86)\Intel\Intel(R) Management Engine Components\iCLS\;C:\Program Files\Intel\Intel(R) Management Engine Components\iCLS\;C:\Windows;C:\Windows\System32\Wbem;C:\Windows\System32\WindowsPowerShell\v1.0\;C:\Windows\System32\OpenSSH\;C:\Program Files (x86)\Intel\Intel(R) Management Engine Components\DAL;C:\Program Files\Intel\Intel(R) Management Engine Components\DAL;C:\Program Files (x86)\Intel\Intel(R) Management Engine Components\IPT;C:\Program Files\Intel\Intel(R) Management Engine Components\IPT;C:\Program Files (x86)\NVIDIA Corporation\PhysX\Common;D:\Git\cmd;C:\Program Files\nodejs;C:\Program Files\nodejs;D:\FIle Cài Đặt vs Download\bin\;C:\Users\ADMIN\AppData\Local\Microsoft\WindowsApps;C:\Users\ADMIN\AppData\Roaming\npm;C:\Users\ADMIN\AppData\Local\Yarn\bin
10 verbose lifecycle Server@1.0.0~dev: CWD: D:\ProjectforWork\ReactJS\GSAPvsReact\Server
11 silly lifecycle Server@1.0.0~dev: Args: [ '/d /s /c', 'concurrently "npm run start" "npm run client"' ]
12 silly lifecycle Server@1.0.0~dev: Returned: code: 1  signal: null
13 info lifecycle Server@1.0.0~dev: Failed to exec dev script
14 verbose stack Error: Server@1.0.0 dev: `concurrently "npm run start" "npm run client"`
14 verbose stack Exit status 1
14 verbose stack     at EventEmitter.<anonymous> (C:\Users\ADMIN\AppData\Roaming\npm\node_modules\npm\lib\utils\lifecycle.js:242:16)
14 verbose stack     at EventEmitter.emit (events.js:198:13)
14 verbose stack     at ChildProcess.<anonymous> (C:\Users\ADMIN\AppData\Roaming\npm\node_modules\npm\lib\utils\spawn.js:40:14)
14 verbose stack     at ChildProcess.emit (events.js:198:13)
14 verbose stack     at maybeClose (internal/child_process.js:982:16)
14 verbose stack     at Process.ChildProcess._handle.onexit (internal/child_process.js:259:5)
15 verbose pkgid Server@1.0.0
16 verbose cwd D:\ProjectforWork\ReactJS\GSAPvsReact\Server
17 error Windows_NT 10.0.18362
18 error argv "C:\\Program Files\\nodejs\\node.exe" "C:\\Users\\ADMIN\\AppData\\Roaming\\npm\\node_modules\\npm\\bin\\npm-cli.js" "run" "dev"
19 error node v10.16.3
20 error npm  v3.10.3
21 error code ELIFECYCLE
22 error Server@1.0.0 dev: `concurrently "npm run start" "npm run client"`
22 error Exit status 1
23 error Failed at the Server@1.0.0 dev script 'concurrently "npm run start" "npm run client"'.
23 error Make sure you have the latest version of node.js and npm installed.
23 error If you do, this is most likely a problem with the Server package,
23 error not with npm itself.
23 error Tell the author that this fails on your system:
23 error     concurrently "npm run start" "npm run client"
23 error You can get information on how to open an issue for this project with:
23 error     npm bugs Server
23 error Or if that isn't available, you can get their info via:
23 error     npm owner ls Server
23 error There is likely additional logging output above.
24 verbose exit [ 1, true ]
